Determining if the pthread_create exist failed with the following output:
Change Dir: /home/jiangcheng/ros_datafeed/ros_datafeed_cpp/CMakeFiles/CMakeTmp

Run Build Command:"/usr/bin/make" "cmTC_205a5/fast"
/usr/bin/make -f CMakeFiles/cmTC_205a5.dir/build.make CMakeFiles/cmTC_205a5.dir/build
make[1]: Entering directory '/home/jiangcheng/ros_datafeed/ros_datafeed_cpp/CMakeFiles/CMakeTmp'
Building C object CMakeFiles/cmTC_205a5.dir/CheckSymbolExists.c.o
/usr/bin/cc     -o CMakeFiles/cmTC_205a5.dir/CheckSymbolExists.c.o   -c /home/jiangcheng/ros_datafeed/ros_datafeed_cpp/CMakeFiles/CMakeTmp/CheckSymbolExists.c
Linking C executable cmTC_205a5
/usr/bin/cmake -E cmake_link_script CMakeFiles/cmTC_205a5.dir/link.txt --verbose=1
/usr/bin/cc       CMakeFiles/cmTC_205a5.dir/CheckSymbolExists.c.o  -o cmTC_205a5 -rdynamic 
CMakeFiles/cmTC_205a5.dir/CheckSymbolExists.c.o: In function `main':
CheckSymbolExists.c:(.text+0x16): undefined reference to `pthread_create'
collect2: error: ld returned 1 exit status
CMakeFiles/cmTC_205a5.dir/build.make:97: recipe for target 'cmTC_205a5' failed
make[1]: *** [cmTC_205a5] Error 1
make[1]: Leaving directory '/home/jiangcheng/ros_datafeed/ros_datafeed_cpp/CMakeFiles/CMakeTmp'
Makefile:126: recipe for target 'cmTC_205a5/fast' failed
make: *** [cmTC_205a5/fast] Error 2

File /home/jiangcheng/ros_datafeed/ros_datafeed_cpp/CMakeFiles/CMakeTmp/CheckSymbolExists.c:
/* */
#include <pthread.h>

int main(int argc, char** argv)
{
  (void)argv;
#ifndef pthread_create
  return ((int*)(&pthread_create))[argc];
#else
  (void)argc;
  return 0;
#endif
}

Determining if the function pthread_create exists in the pthreads failed with the following output:
Change Dir: /home/jiangcheng/ros_datafeed/ros_datafeed_cpp/CMakeFiles/CMakeTmp

Run Build Command:"/usr/bin/make" "cmTC_5e32a/fast"
/usr/bin/make -f CMakeFiles/cmTC_5e32a.dir/build.make CMakeFiles/cmTC_5e32a.dir/build
make[1]: Entering directory '/home/jiangcheng/ros_datafeed/ros_datafeed_cpp/CMakeFiles/CMakeTmp'
Building C object CMakeFiles/cmTC_5e32a.dir/CheckFunctionExists.c.o
/usr/bin/cc    -DCHECK_FUNCTION_EXISTS=pthread_create   -o CMakeFiles/cmTC_5e32a.dir/CheckFunctionExists.c.o   -c /usr/share/cmake-3.5/Modules/CheckFunctionExists.c
Linking C executable cmTC_5e32a
/usr/bin/cmake -E cmake_link_script CMakeFiles/cmTC_5e32a.dir/link.txt --verbose=1
/usr/bin/cc   -DCHECK_FUNCTION_EXISTS=pthread_create    CMakeFiles/cmTC_5e32a.dir/CheckFunctionExists.c.o  -o cmTC_5e32a -rdynamic -lpthreads 
/usr/bin/ld: cannot find -lpthreads
collect2: error: ld returned 1 exit status
CMakeFiles/cmTC_5e32a.dir/build.make:97: recipe for target 'cmTC_5e32a' failed
make[1]: *** [cmTC_5e32a] Error 1
make[1]: Leaving directory '/home/jiangcheng/ros_datafeed/ros_datafeed_cpp/CMakeFiles/CMakeTmp'
Makefile:126: recipe for target 'cmTC_5e32a/fast' failed
make: *** [cmTC_5e32a/fast] Error 2


